2025-03-06 03:29:41,844 [INFO] UtilMem:75 - End SaveConfig() Used Memory: 470281344 Bytes (1039138816)
2025-03-06 03:29:43,694 [INFO] BlockDiagram:2775 - set Specific Code input for plugin: SPI
2025-03-06 03:29:43,695 [INFO] BlockDiagram:2775 - set Specific Code input for plugin: FREERTOS
2025-03-06 03:29:43,695 [INFO] BlockDiagram:2775 - set Specific Code input for plugin: DFSDM
2025-03-06 03:29:43,696 [INFO] BlockDiagram:2775 - set Specific Code input for plugin: SYS
2025-03-06 03:29:43,696 [INFO] BlockDiagram:2775 - set Specific Code input for plugin: RCC
2025-03-06 03:29:43,696 [INFO] BlockDiagram:2775 - set Specific Code input for plugin: I2C
2025-03-06 03:29:43,696 [INFO] BlockDiagram:2775 - set Specific Code input for plugin: USB_OTG_FS
2025-03-06 03:29:43,696 [INFO] BlockDiagram:2775 - set Specific Code input for plugin: NVIC
2025-03-06 03:29:43,696 [INFO] BlockDiagram:2775 - set Specific Code input for plugin: USART
2025-03-06 03:29:43,696 [INFO] BlockDiagram:2775 - set Specific Code input for plugin: USART
2025-03-06 03:29:43,700 [INFO] BlockDiagram:2775 - set Specific Code input for plugin: GPIO
2025-03-06 03:29:43,700 [INFO] BlockDiagram:2775 - set Specific Code input for plugin: QUADSPI
2025-03-06 03:29:43,703 [INFO] CodeGenerator:882 - code generatio: config db path: C:\ST\STM32CubeIDE_1.18.0\STM32CubeIDE\plugins\com.st.stm32cube.common.mx_6.14.0.202502271554\\db\
2025-03-06 03:29:44,110 [INFO] CodeEngine:263 - oldGeneratedFile, D:\113-2\embedded_system\projects\W01-RTOS\MXTmpFiles\license.tmp_save
2025-03-06 03:29:44,725 [INFO] CodeEngine:287 - Generated code: D:\113-2\embedded_system\projects\W01-RTOS\MXTmpFiles\license.tmp
2025-03-06 03:29:45,349 [INFO] CodeEngine:263 - oldGeneratedFile, D:\113-2\embedded_system\projects\W01-RTOS\MXTmpFiles\gpio.tmp_save
2025-03-06 03:29:45,792 [INFO] CodeEngine:287 - Generated code: D:\113-2\embedded_system\projects\W01-RTOS\MXTmpFiles\gpio.tmp
2025-03-06 03:29:50,926 [WARN] IPConfigManager:3174 - Warning: the RefConfig PWREx_EnableUSBVoltageDetector is not available in your config.xml file
2025-03-06 03:29:50,965 [INFO] Middleware:1452 - No code input for Bsp Dependency
2025-03-06 03:29:50,975 [INFO] CodeEngine:263 - oldGeneratedFile, D:\113-2\embedded_system\projects\W01-RTOS\MXTmpFiles\rtos_inc.tmp_save
2025-03-06 03:29:51,098 [INFO] CodeEngine:287 - Generated code: D:\113-2\embedded_system\projects\W01-RTOS\MXTmpFiles\rtos_inc.tmp
2025-03-06 03:29:51,104 [INFO] CodeEngine:263 - oldGeneratedFile, D:\113-2\embedded_system\projects\W01-RTOS\MXTmpFiles\rtos_kernelInit.tmp_save
2025-03-06 03:29:51,218 [INFO] CodeEngine:287 - Generated code: D:\113-2\embedded_system\projects\W01-RTOS\MXTmpFiles\rtos_kernelInit.tmp
2025-03-06 03:29:51,223 [INFO] CodeEngine:263 - oldGeneratedFile, D:\113-2\embedded_system\projects\W01-RTOS\MXTmpFiles\rtos_kernelStart.tmp_save
2025-03-06 03:29:51,357 [INFO] CodeEngine:287 - Generated code: D:\113-2\embedded_system\projects\W01-RTOS\MXTmpFiles\rtos_kernelStart.tmp
2025-03-06 03:29:51,362 [INFO] CodeEngine:263 - oldGeneratedFile, D:\113-2\embedded_system\projects\W01-RTOS\MXTmpFiles\rtos_typedefs.tmp_save
2025-03-06 03:29:51,455 [INFO] CodeEngine:287 - Generated code: D:\113-2\embedded_system\projects\W01-RTOS\MXTmpFiles\rtos_typedefs.tmp
2025-03-06 03:29:51,458 [INFO] CodeEngine:263 - oldGeneratedFile, D:\113-2\embedded_system\projects\W01-RTOS\MXTmpFiles\rtos_vars.tmp_save
2025-03-06 03:29:51,566 [INFO] CodeEngine:287 - Generated code: D:\113-2\embedded_system\projects\W01-RTOS\MXTmpFiles\rtos_vars.tmp
2025-03-06 03:29:51,571 [INFO] CodeEngine:263 - oldGeneratedFile, D:\113-2\embedded_system\projects\W01-RTOS\MXTmpFiles\rtos_pfp.tmp_save
2025-03-06 03:29:51,686 [INFO] CodeEngine:287 - Generated code: D:\113-2\embedded_system\projects\W01-RTOS\MXTmpFiles\rtos_pfp.tmp
2025-03-06 03:29:51,691 [INFO] CodeEngine:263 - oldGeneratedFile, D:\113-2\embedded_system\projects\W01-RTOS\MXTmpFiles\rtos_obj_creat.tmp_save
2025-03-06 03:29:51,779 [INFO] CodeEngine:287 - Generated code: D:\113-2\embedded_system\projects\W01-RTOS\MXTmpFiles\rtos_obj_creat.tmp
2025-03-06 03:29:51,785 [INFO] CodeEngine:263 - oldGeneratedFile, D:\113-2\embedded_system\projects\W01-RTOS\MXTmpFiles\rtos_default_thread.tmp_save
2025-03-06 03:29:51,887 [INFO] CodeEngine:287 - Generated code: D:\113-2\embedded_system\projects\W01-RTOS\MXTmpFiles\rtos_default_thread.tmp
2025-03-06 03:29:51,891 [INFO] CodeEngine:263 - oldGeneratedFile, D:\113-2\embedded_system\projects\W01-RTOS\MXTmpFiles\rtos_threads.tmp_save
2025-03-06 03:29:51,986 [INFO] CodeEngine:287 - Generated code: D:\113-2\embedded_system\projects\W01-RTOS\MXTmpFiles\rtos_threads.tmp
2025-03-06 03:29:52,017 [INFO] Middleware:1452 - No code input for Bsp Dependency
2025-03-06 03:29:52,029 [INFO] CodeEngine:263 - oldGeneratedFile, D:\113-2\embedded_system\projects\W01-RTOS\MXTmpFiles\rtos_inc.tmp_save
2025-03-06 03:29:52,117 [INFO] CodeEngine:287 - Generated code: D:\113-2\embedded_system\projects\W01-RTOS\MXTmpFiles\rtos_inc.tmp
2025-03-06 03:29:52,143 [INFO] CodeEngine:263 - oldGeneratedFile, D:\113-2\embedded_system\projects\W01-RTOS\MXTmpFiles\rtos_kernelInit.tmp_save
2025-03-06 03:29:52,233 [INFO] CodeEngine:287 - Generated code: D:\113-2\embedded_system\projects\W01-RTOS\MXTmpFiles\rtos_kernelInit.tmp
2025-03-06 03:29:52,239 [INFO] CodeEngine:263 - oldGeneratedFile, D:\113-2\embedded_system\projects\W01-RTOS\MXTmpFiles\rtos_kernelStart.tmp_save
2025-03-06 03:29:52,318 [INFO] CodeEngine:287 - Generated code: D:\113-2\embedded_system\projects\W01-RTOS\MXTmpFiles\rtos_kernelStart.tmp
2025-03-06 03:29:52,330 [INFO] CodeEngine:263 - oldGeneratedFile, D:\113-2\embedded_system\projects\W01-RTOS\MXTmpFiles\rtos_typedefs.tmp_save
2025-03-06 03:29:52,416 [INFO] CodeEngine:287 - Generated code: D:\113-2\embedded_system\projects\W01-RTOS\MXTmpFiles\rtos_typedefs.tmp
2025-03-06 03:29:52,424 [INFO] CodeEngine:263 - oldGeneratedFile, D:\113-2\embedded_system\projects\W01-RTOS\MXTmpFiles\rtos_vars.tmp_save
2025-03-06 03:29:52,587 [INFO] CodeEngine:287 - Generated code: D:\113-2\embedded_system\projects\W01-RTOS\MXTmpFiles\rtos_vars.tmp
2025-03-06 03:29:52,595 [INFO] CodeEngine:263 - oldGeneratedFile, D:\113-2\embedded_system\projects\W01-RTOS\MXTmpFiles\rtos_pfp.tmp_save
2025-03-06 03:29:52,827 [INFO] CodeEngine:287 - Generated code: D:\113-2\embedded_system\projects\W01-RTOS\MXTmpFiles\rtos_pfp.tmp
2025-03-06 03:29:52,836 [INFO] CodeEngine:263 - oldGeneratedFile, D:\113-2\embedded_system\projects\W01-RTOS\MXTmpFiles\rtos_obj_creat.tmp_save
2025-03-06 03:29:53,009 [INFO] CodeEngine:287 - Generated code: D:\113-2\embedded_system\projects\W01-RTOS\MXTmpFiles\rtos_obj_creat.tmp
2025-03-06 03:29:53,021 [INFO] CodeEngine:263 - oldGeneratedFile, D:\113-2\embedded_system\projects\W01-RTOS\MXTmpFiles\rtos_default_thread.tmp_save
2025-03-06 03:29:53,139 [INFO] CodeEngine:287 - Generated code: D:\113-2\embedded_system\projects\W01-RTOS\MXTmpFiles\rtos_default_thread.tmp
2025-03-06 03:29:53,147 [INFO] CodeEngine:263 - oldGeneratedFile, D:\113-2\embedded_system\projects\W01-RTOS\MXTmpFiles\rtos_threads.tmp_save
2025-03-06 03:29:53,277 [INFO] CodeEngine:287 - Generated code: D:\113-2\embedded_system\projects\W01-RTOS\MXTmpFiles\rtos_threads.tmp
2025-03-06 03:29:53,287 [INFO] CodeEngine:263 - oldGeneratedFile, D:\113-2\embedded_system\projects\W01-RTOS\Core\Inc\FreeRTOSConfig.h_save
2025-03-06 03:29:53,451 [INFO] CodeEngine:287 - Generated code: D:\113-2\embedded_system\projects\W01-RTOS\Core\Inc\FreeRTOSConfig.h
2025-03-06 03:29:53,459 [INFO] CodeEngine:263 - oldGeneratedFile, D:\113-2\embedded_system\projects\W01-RTOS\Core\Src\freertos.c_save
2025-03-06 03:29:53,583 [INFO] CodeEngine:287 - Generated code: D:\113-2\embedded_system\projects\W01-RTOS\Core\Src\freertos.c
2025-03-06 03:29:53,613 [INFO] CodeEngine:263 - oldGeneratedFile, D:\113-2\embedded_system\projects\W01-RTOS\Core\Src\stm32l4xx_it.c_save
2025-03-06 03:29:54,057 [INFO] CodeEngine:287 - Generated code: D:\113-2\embedded_system\projects\W01-RTOS\Core\Src\stm32l4xx_it.c
2025-03-06 03:29:54,066 [INFO] CodeEngine:263 - oldGeneratedFile, D:\113-2\embedded_system\projects\W01-RTOS\Core\Inc\stm32l4xx_it.h_save
2025-03-06 03:29:54,184 [INFO] CodeEngine:287 - Generated code: D:\113-2\embedded_system\projects\W01-RTOS\Core\Inc\stm32l4xx_it.h
2025-03-06 03:29:54,210 [INFO] CodeEngine:263 - oldGeneratedFile, D:\113-2\embedded_system\projects\W01-RTOS\Core\Src\stm32l4xx_hal_msp.c_save
2025-03-06 03:29:54,495 [INFO] CodeEngine:287 - Generated code: D:\113-2\embedded_system\projects\W01-RTOS\Core\Src\stm32l4xx_hal_msp.c
2025-03-06 03:29:54,518 [INFO] CodeEngine:263 - oldGeneratedFile, D:\113-2\embedded_system\projects\W01-RTOS\MXTmpFiles\system.tmp_save
2025-03-06 03:29:54,621 [INFO] CodeEngine:287 - Generated code: D:\113-2\embedded_system\projects\W01-RTOS\MXTmpFiles\system.tmp
2025-03-06 03:29:54,634 [INFO] CodeEngine:263 - oldGeneratedFile, D:\113-2\embedded_system\projects\W01-RTOS\Core\Src\stm32l4xx_hal_timebase_tim.c_save
2025-03-06 03:29:54,787 [INFO] CodeEngine:287 - Generated code: D:\113-2\embedded_system\projects\W01-RTOS\Core\Src\stm32l4xx_hal_timebase_tim.c
2025-03-06 03:29:54,799 [INFO] CodeEngine:319 - oldGeneratedFile, D:\113-2\embedded_system\projects\W01-RTOS\Core\Inc\stm32l4xx_hal_conf.h_save
2025-03-06 03:29:54,889 [INFO] CodeEngine:343 - Generated code: D:\113-2\embedded_system\projects\W01-RTOS\Core\Inc\stm32l4xx_hal_conf.h
2025-03-06 03:29:54,934 [WARN] IPConfigManager:3747 - IP not found : USB_OTG
2025-03-06 03:29:54,936 [WARN] CodeGenerator:4198 - IP not found : null
2025-03-06 03:29:54,946 [INFO] CodeEngine:263 - oldGeneratedFile, D:\113-2\embedded_system\projects\W01-RTOS\Core\Inc\main.h_save
2025-03-06 03:29:55,099 [INFO] CodeEngine:287 - Generated code: D:\113-2\embedded_system\projects\W01-RTOS\Core\Inc\main.h
2025-03-06 03:29:55,107 [INFO] CodeEngine:263 - oldGeneratedFile, D:\113-2\embedded_system\projects\W01-RTOS\Core\Src\main.c_save
2025-03-06 03:29:55,418 [INFO] CodeEngine:287 - Generated code: D:\113-2\embedded_system\projects\W01-RTOS\Core\Src\main.c
2025-03-06 03:29:56,272 [INFO] ProjectBuilder:3324 - Time for Copy HAL[1] : 574mS.
2025-03-06 03:29:56,278 [INFO] ProjectBuilder:4912 - Project Generator version: 4.6.0-B36
2025-03-06 03:29:56,398 [INFO] ConfigFileManager:1590 - The Die is : DIE415
2025-03-06 03:29:58,111 [INFO] ProjectBuilder:5191 - Time for Generating toolchain IDE Files: 1832mS.
2025-03-06 03:29:58,112 [INFO] ProjectBuilder:3181 - Time for Copy CMSIS : 0mS.
2025-03-06 03:29:58,121 [INFO] ProjectBuilder:3181 - Time for Copy CMSIS : 0mS.
2025-03-06 03:36:03,802 [INFO] WebApp:194 - Connection lost
2025-03-06 03:36:04,078 [INFO] WebApp:191 - Connection restablished
2025-03-06 03:36:06,202 [INFO] WebApp:194 - Connection lost
2025-03-06 03:36:06,374 [INFO] WebApp:191 - Connection restablished
